<?xml version="1.0" encoding="UTF-8"?>
<testsuite xmlns:xsi="http://www.w3.org/2001/XMLSchema-instance" xsi:noNamespaceSchemaLocation="https://maven.apache.org/surefire/maven-surefire-plugin/xsd/surefire-test-report-3.0.xsd" version="3.0" name="com.kickdrum.smarthome.integration.RoomDeviceIntegrationTest" time="4.203" tests="1" errors="0" skipped="0" failures="0">
  <properties>
[...]
</properties>
  <testcase name="listRoomsAndDevices_inSameHouse_success" classname="com.kickdrum.smarthome.integration.RoomDeviceIntegrationTest" time="0.286">
    <system-out><![CDATA[2026-01-26T18:06:47.998+05:30  INFO 20000 --- [           main] t.c.s.AnnotationConfigContextLoaderUtils : Could not detect default configuration classes for test class [com.kickdrum.smarthome.integration.RoomDeviceIntegrationTest]: RoomDeviceIntegrationTest does not declare any static, non-private, non-final, nested classes annotated with @Configuration.
2026-01-26T18:06:48.010+05:30  INFO 20000 --- [           main] .b.t.c.SpringBootTestContextBootstrapper : Found @SpringBootConfiguration com.kickdrum.smarthome.SmartHomeApplication for test class com.kickdrum.smarthome.integration.RoomDeviceIntegrationTest

  .   ____          _            __ _ _
 /\\ / ___'_ __ _ _(_)_ __  __ _ \ \ \ \
( ( )\___ | '_ | '_| | '_ \/ _` | \ \ \ \
 \\/  ___)| |_)| | | | | || (_| |  ) ) ) )
  '  |____| .__|_| |_|_| |_\__, | / / / /
 =========|_|==============|___/=/_/_/_/
 :: Spring Boot ::                (v3.2.0)

2026-01-26T18:06:48.038+05:30  INFO 20000 --- [           main] c.k.s.i.RoomDeviceIntegrationTest        : Starting RoomDeviceIntegrationTest using Java 17.0.17 with PID 20000 (started by Pratzzz in C:\Users\Pratzzz\IdeaProjects\kdu-coursework\backend\assignments\1)
2026-01-26T18:06:48.039+05:30  INFO 20000 --- [           main] c.k.s.i.RoomDeviceIntegrationTest        : No active profile set, falling back to 1 default profile: "default"
2026-01-26T18:06:48.488+05:30  INFO 20000 --- [           main] .s.d.r.c.RepositoryConfigurationDelegate : Bootstrapping Spring Data JPA repositories in DEFAULT mode.
2026-01-26T18:06:48.577+05:30  INFO 20000 --- [           main] .s.d.r.c.RepositoryConfigurationDelegate : Finished Spring Data repository scanning in 76 ms. Found 6 JPA repository interfaces.
2026-01-26T18:06:48.845+05:30  INFO 20000 --- [           main] com.zaxxer.hikari.HikariDataSource       : HikariPool-1 - Starting...
2026-01-26T18:06:49.076+05:30  INFO 20000 --- [           main] com.zaxxer.hikari.pool.HikariPool        : HikariPool-1 - Added connection conn0: url=jdbc:h2:mem:smarthome-db user=SA
2026-01-26T18:06:49.078+05:30  INFO 20000 --- [           main] com.zaxxer.hikari.HikariDataSource       : HikariPool-1 - Start completed.
2026-01-26T18:06:49.239+05:30  INFO 20000 --- [           main] o.hibernate.jpa.internal.util.LogHelper  : HHH000204: Processing PersistenceUnitInfo [name: default]
2026-01-26T18:06:49.342+05:30  INFO 20000 --- [           main] org.hibernate.Version                    : HHH000412: Hibernate ORM core version 6.3.1.Final
2026-01-26T18:06:49.417+05:30  INFO 20000 --- [           main] o.h.c.internal.RegionFactoryInitiator    : HHH000026: Second-level cache disabled
2026-01-26T18:06:49.565+05:30  INFO 20000 --- [           main] o.s.o.j.p.SpringPersistenceUnitInfo      : No LoadTimeWeaver setup: ignoring JPA class transformer
2026-01-26T18:06:49.627+05:30  WARN 20000 --- [           main] org.hibernate.orm.deprecation            : HHH90000025: H2Dialect does not need to be specified explicitly using 'hibernate.dialect' (remove the property setting and it will be selected by default)
2026-01-26T18:06:50.376+05:30  INFO 20000 --- [           main] o.h.e.t.j.p.i.JtaPlatformInitiator       : HHH000489: No JTA platform available (set 'hibernate.transaction.jta.platform' to enable JTA platform integration)
2026-01-26T18:06:50.378+05:30  INFO 20000 --- [           main] j.LocalContainerEntityManagerFactoryBean : Initialized JPA EntityManagerFactory for persistence unit 'default'
2026-01-26T18:06:51.001+05:30  WARN 20000 --- [           main] JpaBaseConfiguration$JpaWebConfiguration : spring.jpa.open-in-view is enabled by default. Therefore, database queries may be performed during view rendering. Explicitly configure spring.jpa.open-in-view to disable this warning
2026-01-26T18:06:51.427+05:30  INFO 20000 --- [           main] efaultSchemaResourceGraphQlSourceBuilder : Loaded 1 resource(s) in the GraphQL schema.
2026-01-26T18:06:51.615+05:30  INFO 20000 --- [           main] o.s.b.a.g.GraphQlAutoConfiguration       : GraphQL schema inspection:
	Unmapped fields: {}
	Unmapped registrations: {}
	Skipped types: []
2026-01-26T18:06:51.627+05:30  INFO 20000 --- [           main] s.b.a.g.s.GraphQlWebMvcAutoConfiguration : GraphQL endpoint HTTP POST /graphql
2026-01-26T18:06:51.652+05:30  INFO 20000 --- [           main] o.s.s.web.DefaultSecurityFilterChain     : Will secure any request with [org.springframework.security.web.session.DisableEncodeUrlFilter@8499717, org.springframework.security.web.context.request.async.WebAsyncManagerIntegrationFilter@dc8cafb, org.springframework.security.web.context.SecurityContextHolderFilter@3b00c9f6, org.springframework.security.web.header.HeaderWriterFilter@9be1984, org.springframework.web.filter.CorsFilter@75dbb21b, org.springframework.security.web.authentication.logout.LogoutFilter@2c05303d, com.kickdrum.smarthome.security.JwtAuthenticationFilter@3a837f7, org.springframework.security.web.savedrequest.RequestCacheAwareFilter@428b852b, org.springframework.security.web.servletapi.SecurityContextHolderAwareRequestFilter@3514d1a4, org.springframework.security.web.authentication.AnonymousAuthenticationFilter@4df25105, org.springframework.security.web.session.SessionManagementFilter@3b63f49e, org.springframework.security.web.access.ExceptionTranslationFilter@6deda1cd, org.springframework.security.web.access.intercept.AuthorizationFilter@21b33459]
2026-01-26T18:06:51.838+05:30  INFO 20000 --- [           main] o.s.b.a.h2.H2ConsoleAutoConfiguration    : H2 console available at '/h2-console'. Database available at 'jdbc:h2:mem:smarthome-db'
2026-01-26T18:06:51.891+05:30  INFO 20000 --- [           main] o.s.b.t.m.w.SpringBootMockServletContext : Initializing Spring TestDispatcherServlet ''
2026-01-26T18:06:51.891+05:30  INFO 20000 --- [           main] o.s.t.web.servlet.TestDispatcherServlet  : Initializing Servlet ''
2026-01-26T18:06:51.892+05:30  INFO 20000 --- [           main] o.s.t.web.servlet.TestDispatcherServlet  : Completed initialization in 1 ms
2026-01-26T18:06:51.907+05:30  INFO 20000 --- [           main] c.k.s.i.RoomDeviceIntegrationTest        : Started RoomDeviceIntegrationTest in 3.89 seconds (process running for 8.819)
Hibernate: insert into houses (address,created_date,deleted_date,modified_date,name,id) values (?,?,?,?,?,default)
Hibernate: insert into house_users (created_date,deleted_date,house_id,modified_date,role,user_id,id) values (?,?,?,?,?,?,default)
Hibernate: insert into rooms (created_date,deleted_date,house_id,modified_date,name,id) values (?,?,?,?,?,default)
Hibernate: insert into rooms (created_date,deleted_date,house_id,modified_date,name,id) values (?,?,?,?,?,default)
Hibernate: insert into devices (created_date,deleted_date,house_id,kickston_id,modified_date,room_id,id) values (?,?,?,?,?,?,default)
Hibernate: insert into devices (created_date,deleted_date,house_id,kickston_id,modified_date,room_id,id) values (?,?,?,?,?,?,default)
2026-01-26T18:06:52.054+05:30  WARN 20000 --- [           main] o.s.w.s.h.HandlerMappingIntrospector     : Cache miss for REQUEST dispatch to '/api/rooms/house/2' (previous null). Performing CorsConfiguration lookup. This is logged once only at WARN level, and every time at TRACE.
2026-01-26T18:06:52.062+05:30  INFO 20000 --- [           main] c.k.s.controller.room.RoomController     : User 1 listing rooms for house 2
2026-01-26T18:06:52.063+05:30  INFO 20000 --- [           main] c.k.s.service.impl.RoomServiceImpl       : User 1 listing rooms for house 2
Hibernate: select hu1_0.id from house_users hu1_0 where hu1_0.house_id=? and hu1_0.user_id=? and hu1_0.deleted_date is null fetch first ? rows only
Hibernate: select r1_0.id,r1_0.created_date,r1_0.deleted_date,r1_0.house_id,r1_0.modified_date,r1_0.name from rooms r1_0 where r1_0.house_id=? and r1_0.deleted_date is null
]]></system-out>
  </testcase>
</testsuite>