<?xml version="1.0" encoding="UTF-8"?>
<testsuite xmlns:xsi="http://www.w3.org/2001/XMLSchema-instance" xsi:noNamespaceSchemaLocation="https://maven.apache.org/surefire/maven-surefire-plugin/xsd/surefire-test-report-3.0.xsd" version="3.0" name="org.example.library.service.BookServiceImplTest" time="2.763" tests="1" errors="0" skipped="0" failures="0">
  <properties>
[...]
</properties>
  <testcase name="shouldReturnPagedBooks" classname="org.example.library.service.BookServiceImplTest" time="2.723">
    <system-out><![CDATA[17:56:34.149 [main] INFO org.example.library.service.impl.BookServiceImpl -- Fetching books with pagination
]]></system-out>
  </testcase>
</testsuite>